{"/Users/olga/Desktop/ajs-containers-map/src/js/ErrorRepository.js": {"path":"/Users/olga/Desktop/ajs-containers-map/src/js/ErrorRepository.js","statementMap":{"0":{"start":{"line":3,"column":8},"end":{"line":9,"column":11}},"1":{"start":{"line":13,"column":8},"end":{"line":13,"column":56}}},"fnMap":{"0":{"name":"(anonymous_0)","decl":{"start":{"line":2,"column":4},"end":{"line":2,"column":5}},"loc":{"start":{"line":2,"column":18},"end":{"line":10,"column":5}},"line":2},"1":{"name":"(anonymous_1)","decl":{"start":{"line":12,"column":4},"end":{"line":12,"column":5}},"loc":{"start":{"line":12,"column":20},"end":{"line":14,"column":5}},"line":12}},"branchMap":{"0":{"loc":{"start":{"line":13,"column":15},"end":{"line":13,"column":55}},"type":"binary-expr","locations":[{"start":{"line":13,"column":15},"end":{"line":13,"column":36}},{"start":{"line":13,"column":40},"end":{"line":13,"column":55}}],"line":13}},"s":{"0":2,"1":8},"f":{"0":2,"1":8},"b":{"0":[8,3]},"_coverageSchema":"1a1c01bbd47fc00a2c39e90264f33305004495a9","hash":"2a006c66f65e4f747bc6edef8605f32556bec522"}
}
